f:\intake43\c and c++\c++ project\team\paint project\debug\vc143.pdb
f:\intake43\c and c++\c++ project\team\paint project\debug\vc143.idb
f:\intake43\c and c++\c++ project\team\paint project\debug\main.sbr
f:\intake43\c and c++\c++ project\team\paint project\debug\applicationmanager.sbr
f:\intake43\c and c++\c++ project\team\paint project\debug\gui.sbr
f:\intake43\c and c++\c++ project\team\paint project\debug\actionaddsquare.sbr
f:\intake43\c and c++\c++ project\team\paint project\debug\csquare.sbr
f:\intake43\c and c++\c++ project\team\paint project\debug\chex.sbr
f:\intake43\c and c++\c++ project\team\paint project\debug\cfigure.sbr
f:\intake43\c and c++\c++ project\team\paint project\debug\cellipse.sbr
f:\intake43\c and c++\c++ project\team\paint project\debug\windowinput.sbr
f:\intake43\c and c++\c++ project\team\paint project\debug\mousequeue.sbr
f:\intake43\c and c++\c++ project\team\paint project\debug\keyqueue.sbr
f:\intake43\c and c++\c++ project\team\paint project\debug\image.sbr
f:\intake43\c and c++\c++ project\team\paint project\debug\cmugraphics.sbr
f:\intake43\c and c++\c++ project\team\paint project\debug\auxil.sbr
f:\intake43\c and c++\c++ project\team\paint project\debug\actionselect.sbr
f:\intake43\c and c++\c++ project\team\paint project\debug\actionfillcolor.sbr
f:\intake43\c and c++\c++ project\team\paint project\debug\actionaddhex.sbr
f:\intake43\c and c++\c++ project\team\paint project\debug\actionaddellipse.sbr
f:\intake43\c and c++\c++ project\team\paint project\debug\actionfillcolor.obj
f:\intake43\c and c++\c++ project\team\paint project\debug\actionselect.obj
f:\intake43\c and c++\c++ project\team\paint project\debug\auxil.obj
f:\intake43\c and c++\c++ project\team\paint project\debug\cmugraphics.obj
f:\intake43\c and c++\c++ project\team\paint project\debug\image.obj
f:\intake43\c and c++\c++ project\team\paint project\debug\keyqueue.obj
f:\intake43\c and c++\c++ project\team\paint project\debug\mousequeue.obj
f:\intake43\c and c++\c++ project\team\paint project\debug\windowinput.obj
f:\intake43\c and c++\c++ project\team\paint project\debug\cellipse.obj
f:\intake43\c and c++\c++ project\team\paint project\debug\cfigure.obj
f:\intake43\c and c++\c++ project\team\paint project\debug\chex.obj
f:\intake43\c and c++\c++ project\team\paint project\debug\csquare.obj
f:\intake43\c and c++\c++ project\team\paint project\debug\actionaddsquare.obj
f:\intake43\c and c++\c++ project\team\paint project\debug\gui.obj
f:\intake43\c and c++\c++ project\team\paint project\debug\applicationmanager.obj
f:\intake43\c and c++\c++ project\team\paint project\debug\main.obj
f:\intake43\c and c++\c++ project\team\paint project\debug\actionaddellipse.obj
f:\intake43\c and c++\c++ project\team\paint project\debug\pt project.tlog\cl.command.1.tlog
f:\intake43\c and c++\c++ project\team\paint project\debug\pt project.tlog\cl.read.1.tlog
f:\intake43\c and c++\c++ project\team\paint project\debug\pt project.tlog\cl.write.1.tlog
