cl : command line  warning D9035: option 'Gm' has been deprecated and will be removed in a future release
  main.cpp
  ApplicationManager.cpp
  GUI.cpp
C:\Users\mosta\Desktop\ayman\paint-for-kids\GUI\GUI.cpp(235,86): warning C4244: 'argument': conversion from 'double' to 'const int', possible loss of data
C:\Users\mosta\Desktop\ayman\paint-for-kids\GUI\GUI.cpp(349,51): warning C4244: 'initializing': conversion from 'double' to 'int', possible loss of data
C:\Users\mosta\Desktop\ayman\paint-for-kids\GUI\GUI.cpp(349,120): warning C4244: 'initializing': conversion from 'double' to 'int', possible loss of data
C:\Users\mosta\Desktop\ayman\paint-for-kids\GUI\GUI.cpp(381,44): warning C4390: ';': empty controlled statement found; is this the intent?
  ActionAddSquare.cpp
  CSquare.cpp
  CHex.cpp
C:\Users\mosta\Desktop\ayman\paint-for-kids\Figures\CHex.cpp(19,61): warning C4838: conversion from 'double' to 'int' requires a narrowing conversion
C:\Users\mosta\Desktop\ayman\paint-for-kids\Figures\CHex.cpp(19,61): warning C4244: 'initializing': conversion from 'double' to 'int', possible loss of data
C:\Users\mosta\Desktop\ayman\paint-for-kids\Figures\CHex.cpp(19,111): warning C4838: conversion from 'double' to 'int' requires a narrowing conversion
C:\Users\mosta\Desktop\ayman\paint-for-kids\Figures\CHex.cpp(19,111): warning C4244: 'initializing': conversion from 'double' to 'int', possible loss of data
  CFigure.cpp
  CEllipse.cpp
  windowinput.cpp
  mousequeue.cpp
  keyqueue.cpp
  image.cpp
C:\Users\mosta\Desktop\ayman\paint-for-kids\CMUgraphicsLib\image.cpp(115,29): warning C4018: '<': signed/unsigned mismatch
  CMUgraphics.cpp
C:\Users\mosta\Desktop\ayman\paint-for-kids\CMUgraphicsLib\CMUgraphics.cpp(257,9): warning C4101: 'iX': unreferenced local variable
C:\Users\mosta\Desktop\ayman\paint-for-kids\CMUgraphicsLib\CMUgraphics.cpp(257,13): warning C4101: 'iY': unreferenced local variable
C:\Users\mosta\Desktop\ayman\paint-for-kids\CMUgraphicsLib\CMUgraphics.cpp(751,3): warning C4996: 'strcpy': This function or variable may be unsafe. Consider using strcpy_s instead. To disable deprecation, use _CRT_SECURE_NO_WARNINGS. See online help for details.
C:\Users\mosta\Desktop\ayman\paint-for-kids\CMUgraphicsLib\CMUgraphics.cpp(1164,2): warning C4996: 'sprintf': This function or variable may be unsafe. Consider using sprintf_s instead. To disable deprecation, use _CRT_SECURE_NO_WARNINGS. See online help for details.
C:\Users\mosta\Desktop\ayman\paint-for-kids\CMUgraphicsLib\CMUgraphics.cpp(1171,2): warning C4996: 'sprintf': This function or variable may be unsafe. Consider using sprintf_s instead. To disable deprecation, use _CRT_SECURE_NO_WARNINGS. See online help for details.
C:\Users\mosta\Desktop\ayman\paint-for-kids\CMUgraphicsLib\CMUgraphics.cpp(1202,2): warning C4996: 'sprintf': This function or variable may be unsafe. Consider using sprintf_s instead. To disable deprecation, use _CRT_SECURE_NO_WARNINGS. See online help for details.
C:\Users\mosta\Desktop\ayman\paint-for-kids\CMUgraphicsLib\CMUgraphics.cpp(1210,2): warning C4996: 'sprintf': This function or variable may be unsafe. Consider using sprintf_s instead. To disable deprecation, use _CRT_SECURE_NO_WARNINGS. See online help for details.
C:\Users\mosta\Desktop\ayman\paint-for-kids\CMUgraphicsLib\CMUgraphics.cpp(1357,23): warning C4018: '>': signed/unsigned mismatch
  auxil.cpp
  ActionSelect.cpp
  ActionFillColor.cpp
  ActionAddHex.cpp
C:\Users\mosta\Desktop\ayman\paint-for-kids\Actions\ActionAddHex.cpp(66,9): warning C4244: 'initializing': conversion from 'double' to 'int', possible loss of data
  ActionAddEllipse.cpp
  Generating Code...
C:\Users\mosta\Desktop\ayman\paint-for-kids\GUI\GUI.cpp(408): warning C4715: 'GUI::getcolor': not all control paths return a value
cl : command line  warning D9035: option 'Gm' has been deprecated and will be removed in a future release
  jutils.c
  jquant2.c
  jquant1.c
  jmemnobs.c
  jmemmgr.c
C:\Users\mosta\Desktop\ayman\paint-for-kids\CMUgraphicsLib\jpeg\jmemmgr.c(1103,19): warning C4996: 'getenv': This function or variable may be unsafe. Consider using _dupenv_s instead. To disable deprecation, use _CRT_SECURE_NO_WARNINGS. See online help for details.
C:\Users\mosta\Desktop\ayman\paint-for-kids\CMUgraphicsLib\jpeg\jmemmgr.c(1106,11): warning C4996: 'sscanf': This function or variable may be unsafe. Consider using sscanf_s instead. To disable deprecation, use _CRT_SECURE_NO_WARNINGS. See online help for details.
  jidctred.c
  jidctint.c
  jidctfst.c
  jidctflt.c
  jerror.c
C:\Users\mosta\Desktop\ayman\paint-for-kids\CMUgraphicsLib\jpeg\jerror.c(169,5): warning C4996: 'sprintf': This function or variable may be unsafe. Consider using sprintf_s instead. To disable deprecation, use _CRT_SECURE_NO_WARNINGS. See online help for details.
C:\Users\mosta\Desktop\ayman\paint-for-kids\CMUgraphicsLib\jpeg\jerror.c(171,5): warning C4996: 'sprintf': This function or variable may be unsafe. Consider using sprintf_s instead. To disable deprecation, use _CRT_SECURE_NO_WARNINGS. See online help for details.
  jdtrans.c
  jdsample.c
  jdpostct.c
  jdphuff.c
  jdmerge.c
  jdmaster.c
  jdmarker.c
  jdmainct.c
  jdinput.c
  jdhuff.c
  Generating Code...
  Compiling...
  jddctmgr.c
  jdcolor.c
  jdcoefct.c
  jdatasrc.c
  jdapistd.c
  jdapimin.c
  jcparam.c
  jcomapi.c
  jpegload.c
C:\Users\mosta\Desktop\ayman\paint-for-kids\CMUgraphicsLib\jpegload.c(23,12): warning C4996: 'fopen': This function or variable may be unsafe. Consider using fopen_s instead. To disable deprecation, use _CRT_SECURE_NO_WARNINGS. See online help for details.
  Generating Code...
  LINK : .\Debug\PT Project.exe not found or not built by the last incremental link; performing full link
ActionAddEllipse.obj : warning LNK4075: ignoring '/EDITANDCONTINUE' due to '/SAFESEH' specification
  PT-Project.vcxproj -> C:\Users\mosta\Desktop\ayman\paint-for-kids\Debug\PT Project.exe
